<?xml version="1.0" encoding="UTF-8"?>
<!-- Generated by org.testng.reporters.JUnitReportReporter -->
<testsuite hostname="DESKTOP-855BLG6" failures="0" tests="2" name="testPackage.HomepageTestclass" time="15.729" errors="0" timestamp="2023-03-26T14:25:20 IST" skipped="0">
  <testcase classname="testPackage.HomepageTestclass" name="verifyTabPresentOnHomepage" time="0.761"/>
  <system-out/>
  <testcase classname="testPackage.HomepageTestclass" name="validateTheSearchTab" time="14.968"/>
  <system-out/>
</testsuite> <!-- testPackage.HomepageTestclass -->
