<?xml version="1.0" encoding="UTF-8"?>
<!-- Generated by org.testng.reporters.JUnitReportReporter -->
<testsuite hostname="DESKTOP-855BLG6" failures="0" tests="1" name="testPackage.AdminTestClass" time="10.811" errors="0" timestamp="2023-03-26T14:25:20 IST" skipped="0">
  <testcase classname="testPackage.AdminTestClass" name="verifyTheJoblist" time="10.811"/>
  <system-out/>
</testsuite> <!-- testPackage.AdminTestClass -->
